<?xml version="1.0" encoding="UTF-8"?>
<!-- Generated by org.testng.reporters.JUnitReportReporter -->
<testsuite hostname="Vincent-PC" failures="0" tests="1" name="automationTestCases.ContentTest" time="6.708" errors="0" timestamp="2021-04-30T12:46:38 EDT" skipped="0">
  <testcase classname="automationTestCases.ContentTest" name="publishRichText" time="6.708"/>
  <system-out/>
</testsuite> <!-- automationTestCases.ContentTest -->
