<?xml version="1.0" encoding="UTF-8"?>
<!-- Generated by org.testng.reporters.JUnitReportReporter -->
<testsuite hostname="Vincent-PC" failures="0" tests="1" name="Content" time="6.977" errors="0" timestamp="2021-04-30T11:45:53 EDT" skipped="0">
  <testcase classname="Content" name="testWork" time="6.977"/>
  <system-out/>
</testsuite> <!-- Content -->
