<?xml version="1.0" encoding="UTF-8"?>
<!-- Generated by org.testng.reporters.JUnitReportReporter -->
<testsuite hostname="Vincent-PC" failures="0" tests="1" name="ContentTest" time="6.249" errors="0" timestamp="2021-04-30T12:29:05 EDT" skipped="0">
  <testcase classname="ContentTest" name="publishRichText" time="6.249"/>
  <system-out/>
</testsuite> <!-- ContentTest -->
